<?xml version="1.0" encoding="UTF-8"?>
<!-- Generated by org.testng.reporters.JUnitReportReporter -->
<testsuite hostname="DESKTOP-5SIDTFG" failures="0" tests="1" name="todos.tests.AddTodoTest" time="24.732" errors="0" timestamp="27 Feb 2024 15:26:20 GMT">
  <testcase classname="todos.tests.AddTodoTest" name="ICanAddTodo" time="24.732"/>
</testsuite> <!-- todos.tests.AddTodoTest -->
