<?xml version="1.0" encoding="UTF-8"?>
<!-- Generated by org.testng.reporters.JUnitReportReporter -->
<testsuite hostname="DESKTOP-5SIDTFG" failures="0" tests="1" name="todos.tests.NopCommerceLoginTest" time="29.822" errors="0" timestamp="27 Feb 2024 12:37:31 GMT">
  <testcase classname="todos.tests.NopCommerceLoginTest" name="SeConnecter" time="29.822"/>
</testsuite> <!-- todos.tests.NopCommerceLoginTest -->
